[INFO] Scanning for projects...
[INFO] 
[INFO] -----------------------< com.frontend:frontend >------------------------
[INFO] Building frontend 0.0.1-SNAPSHOT
[INFO]   from pom.xml
[INFO] --------------------------------[ jar ]---------------------------------
[INFO] 
[INFO] --- clean:3.4.1:clean (default-clean) @ frontend ---
[INFO] Deleting C:\Users\Kath Stark\OneDrive - Fundacion Instituto Profesional Duoc UC\Escritorio\sc-s2\sc-s2\frontend\target
[INFO] 
[INFO] --- resources:3.3.1:resources (default-resources) @ frontend ---
[INFO] Copying 1 resource from src\main\resources to target\classes
[INFO] Copying 15 resources from src\main\resources to target\classes
[INFO] 
[INFO] --- compiler:3.14.1:compile (default-compile) @ frontend ---
[INFO] Recompiling the module because of changed source code.
[INFO] Compiling 9 source files with javac [debug deprecation parameters release 21] to target\classes
[INFO] 
[INFO] --- resources:3.3.1:testResources (default-testResources) @ frontend ---
[INFO] skip non existing resourceDirectory C:\Users\Kath Stark\OneDrive - Fundacion Instituto Profesional Duoc UC\Escritorio\sc-s2\sc-s2\frontend\src\test\resources
[INFO] 
[INFO] --- compiler:3.14.1:testCompile (default-testCompile) @ frontend ---
[INFO] Recompiling the module because of changed dependency.
[INFO] Compiling 1 source file with javac [debug deprecation parameters release 21] to target\test-classes
[INFO] 
[INFO] --- surefire:3.5.4:test (default-test) @ frontend ---
[INFO] Tests are skipped.
[INFO] 
[INFO] --- jar:3.4.2:jar (default-jar) @ frontend ---
[INFO] Building jar: C:\Users\Kath Stark\OneDrive - Fundacion Instituto Profesional Duoc UC\Escritorio\sc-s2\sc-s2\frontend\target\frontend-0.0.1-SNAPSHOT.jar
[INFO] 
[INFO] --- spring-boot:3.5.7:repackage (repackage) @ frontend ---
[INFO] Replacing main artifact C:\Users\Kath Stark\OneDrive - Fundacion Instituto Profesional Duoc UC\Escritorio\sc-s2\sc-s2\frontend\target\frontend-0.0.1-SNAPSHOT.jar with repackaged archive, adding nested dependencies in BOOT-INF/.
[INFO] The original artifact has been renamed to C:\Users\Kath Stark\OneDrive - Fundacion Instituto Profesional Duoc UC\Escritorio\sc-s2\sc-s2\frontend\target\frontend-0.0.1-SNAPSHOT.jar.original
[INFO] ------------------------------------------------------------------------
[INFO] BUILD SUCCESS
[INFO] ------------------------------------------------------------------------
[INFO] Total time:  9.581 s
[INFO] Finished at: 2025-11-09T13:50:06-03:00
[INFO] ------------------------------------------------------------------------
